build/app/intermediates/manifest_merge_blame_file/debug/manifest-merger-blame-debug-report.txt
1<?xml version="1.0" encoding="utf-8"?>
2<manifest xmlns:android="http://schemas.android.com/apk/res/android"
3    package="com.example.movieapp"
4    android:versionCode="1"
5    android:versionName="1.0.0" >
6
7    <uses-sdk
8        android:minSdkVersion="17"
9        android:targetSdkVersion="28" />
10    <!--
11         Flutter needs it to communicate with the running application
12         to allow setting breakpoints, to provide hot reload, etc.
13    -->
14    <uses-permission android:name="android.permission.INTERNET" />
14-->src\main\AndroidManifest.xml:8:5-67
14-->src\main\AndroidManifest.xml:8:22-64
15
16    <application
16-->src\main\AndroidManifest.xml:9:5-30:19
17        android:name="io.flutter.app.FlutterApplication"
17-->src\main\AndroidManifest.xml:10:9-57
18        android:appComponentFactory="androidx.core.app.CoreComponentFactory"
18-->[androidx.core:core:1.1.0] AndroidManifest.xml:24:18-86
19        android:debuggable="true"
20        android:icon="@mipmap/ic_launcher"
20-->src\main\AndroidManifest.xml:12:9-43
21        android:label="movieapp" >
21-->src\main\AndroidManifest.xml:11:9-33
22        <activity
22-->src\main\AndroidManifest.xml:13:9-24:20
23            android:name="com.example.movieapp.MainActivity"
23-->src\main\AndroidManifest.xml:14:13-41
24            android:configChanges="orientation|keyboardHidden|keyboard|screenSize|smallestScreenSize|locale|layoutDirection|fontScale|screenLayout|density|uiMode"
24-->src\main\AndroidManifest.xml:17:13-163
25            android:hardwareAccelerated="true"
25-->src\main\AndroidManifest.xml:18:13-47
26            android:launchMode="singleTop"
26-->src\main\AndroidManifest.xml:15:13-43
27            android:theme="@style/LaunchTheme"
27-->src\main\AndroidManifest.xml:16:13-47
28            android:windowSoftInputMode="adjustResize" >
28-->src\main\AndroidManifest.xml:19:13-55
29            <intent-filter>
29-->src\main\AndroidManifest.xml:20:13-23:29
30                <action android:name="android.intent.action.MAIN" />
30-->src\main\AndroidManifest.xml:21:17-68
30-->src\main\AndroidManifest.xml:21:25-66
31
32                <category android:name="android.intent.category.LAUNCHER" />
32-->src\main\AndroidManifest.xml:22:17-76
32-->src\main\AndroidManifest.xml:22:27-74
33            </intent-filter>
34        </activity>
35        <!--
36             Don't delete the meta-data below.
37             This is used by the Flutter tool to generate GeneratedPluginRegistrant.java
38        -->
39        <meta-data
39-->src\main\AndroidManifest.xml:27:9-29:33
40            android:name="flutterEmbedding"
40-->src\main\AndroidManifest.xml:28:13-44
41            android:value="2" />
41-->src\main\AndroidManifest.xml:29:13-30
42
43        <activity
43-->[:flutter_inappwebview] AndroidManifest.xml:8:9-11:47
44            android:name="com.pichillilorenzo.flutter_inappwebview.InAppBrowser.InAppBrowserActivity"
44-->[:flutter_inappwebview] AndroidManifest.xml:9:13-102
45            android:configChanges="orientation|screenSize"
45-->[:flutter_inappwebview] AndroidManifest.xml:10:13-59
46            android:theme="@style/AppTheme" />
46-->[:flutter_inappwebview] AndroidManifest.xml:11:13-44
47        <activity
47-->[:flutter_inappwebview] AndroidManifest.xml:12:9-15:55
48            android:name="com.pichillilorenzo.flutter_inappwebview.ChromeCustomTabs.ChromeCustomTabsActivity"
48-->[:flutter_inappwebview] AndroidManifest.xml:13:13-110
49            android:configChanges="orientation|screenSize"
49-->[:flutter_inappwebview] AndroidManifest.xml:14:13-59
50            android:theme="@style/ThemeTransparent" />
50-->[:flutter_inappwebview] AndroidManifest.xml:15:13-52
51
52        <receiver android:name="com.pichillilorenzo.flutter_inappwebview.ChromeCustomTabs.ActionBroadcastReceiver" />
52-->[:flutter_inappwebview] AndroidManifest.xml:17:9-118
52-->[:flutter_inappwebview] AndroidManifest.xml:17:19-115
53    </application>
54
55</manifest>